0 info it worked if it ends with ok
1 verbose cli [ '/usr/bin/nodejs',
1 verbose cli   '/usr/bin/npm',
1 verbose cli   'adduser',
1 verbose cli   '--registry',
1 verbose cli   'http://npm.upr.edu.cu' ]
2 info using npm@1.3.10
3 info using node@v0.10.25
4 verbose adduser before first PUT { name: 'frank.vigil',
4 verbose adduser   salt: 'XXXXX',
4 verbose adduser   password_sha: 'XXXXX',
4 verbose adduser   email: 'frank.vigil@upr.edu.cu',
4 verbose adduser   _id: 'org.couchdb.user:frank.vigil',
4 verbose adduser   type: 'user',
4 verbose adduser   roles: [],
4 verbose adduser   date: '2015-12-17T18:25:30.501Z' }
5 verbose url raw /-/user/org.couchdb.user:frank.vigil
6 verbose url resolving [ 'http://npm.upr.edu.cu/',
6 verbose url resolving   './-/user/org.couchdb.user:frank.vigil' ]
7 verbose url resolved http://npm.upr.edu.cu/-/user/org.couchdb.user:frank.vigil
8 info trying registry request attempt 1 at 13:25:30
9 http PUT http://npm.upr.edu.cu/-/user/org.couchdb.user:frank.vigil
10 http 422 http://npm.upr.edu.cu/-/user/org.couchdb.user:frank.vigil
11 verbose adduser back [ [Error: your npm version is outdated
11 verbose adduser   Please update to npm@1.4.5 or greater.
11 verbose adduser   See https://github.com/rlidwka/sinopia/issues/93 for details. : -/user/org.couchdb.user:frank.vigil],
11 verbose adduser   { error: 'your npm version is outdated\nPlease update to npm@1.4.5 or greater.\nSee https://github.com/rlidwka/sinopia/issues/93 for details.' },
11 verbose adduser   '{"error":"your npm version is outdated\\nPlease update to npm@1.4.5 or greater.\\nSee https://github.com/rlidwka/sinopia/issues/93 for details."}' ]
12 error Error: your npm version is outdated
12 error Please update to npm@1.4.5 or greater.
12 error See https://github.com/rlidwka/sinopia/issues/93 for details. : -/user/org.couchdb.user:frank.vigil
12 error     at RegClient.<anonymous> (/usr/share/npm/node_modules/npm-registry-client/lib/request.js:272:14)
12 error     at Request.self.callback (/usr/lib/nodejs/request/index.js:148:22)
12 error     at Request.EventEmitter.emit (events.js:98:17)
12 error     at Request.<anonymous> (/usr/lib/nodejs/request/index.js:896:14)
12 error     at Request.EventEmitter.emit (events.js:117:20)
12 error     at IncomingMessage.<anonymous> (/usr/lib/nodejs/request/index.js:847:12)
12 error     at IncomingMessage.EventEmitter.emit (events.js:117:20)
12 error     at _stream_readable.js:920:16
12 error     at process._tickCallback (node.js:415:13)
13 error If you need help, you may report this log at:
13 error     <http://github.com/isaacs/npm/issues>
13 error or email it to:
13 error     <npm-@googlegroups.com>
14 error System Linux 3.13.0-73-generic
15 error command "/usr/bin/nodejs" "/usr/bin/npm" "adduser" "--registry" "http://npm.upr.edu.cu"
16 error cwd /home/frank/sites/webServicePlatform
17 error node -v v0.10.25
18 error npm -v 1.3.10
19 verbose exit [ 1, true ]
